Command line:
   CU_TB_isim_beh.exe
     -simmode  gui
     -simrunnum  0
     -socket  54226

Mon Apr 11 14:46:23 2016


 Elaboration Time: 0.14 sec

 Current Memory Usage: 131.334 Meg

 Total Signals          : 6
 Total Nets             : 14
 Total Signal Drivers   : 3
 Total Blocks           : 3
 Total Primitive Blocks : 2
 Total Processes        : 2
 Total Traceable Variables  : 8
 Total Scalar Nets and Variables : 374
Total Line Count : 10

 Total Simulation Time: 0.15 sec

 Current Memory Usage: 140.775 Meg

Mon Apr 11 14:46:42 2016

