Command line:
   procesador_total16TB_isim_beh.exe
     -simmode  gui
     -simrunnum  0
     -socket  33477

Thu Apr 28 23:31:45 2016


 Elaboration Time: 0.08 sec

 Current Memory Usage: 132.051 Meg

 Total Signals          : 57
 Total Nets             : 2442
 Total Signal Drivers   : 17
 Total Blocks           : 15
 Total Primitive Blocks : 13
 Total Processes        : 15
 Total Traceable Variables  : 11
 Total Scalar Nets and Variables : 2821
Total Line Count : 60
In process IM.vhd:38 
 

 Total Simulation Time: 0.16 sec

 Current Memory Usage: 141.492 Meg

Thu Apr 28 23:32:46 2016

