Command line:
   Sumador_TB_isim_beh.exe
     -simmode  gui
     -simrunnum  0
     -socket  49531

Tue Apr 19 19:27:25 2016


 Elaboration Time: 0.09 sec

 Current Memory Usage: 131.408 Meg

 Total Signals          : 6
 Total Nets             : 96
 Total Signal Drivers   : 3
 Total Blocks           : 5
 Total Primitive Blocks : 4
 Total Processes        : 2
 Total Traceable Variables  : 10
 Total Scalar Nets and Variables : 474
Total Line Count : 7

 Total Simulation Time: 0.1 sec

 Current Memory Usage: 140.849 Meg

Tue Apr 19 19:29:41 2016

