Command line:
   Alu_isim_beh.exe
     -simmode  gui
     -simrunnum  0
     -socket  53545

Thu Apr 28 23:23:37 2016


 Elaboration Time: 0.07 sec

 Current Memory Usage: 131.224 Meg

 Total Signals          : 4
 Total Nets             : 102
 Total Signal Drivers   : 1
 Total Blocks           : 4
 Total Primitive Blocks : 4
 Total Processes        : 1
 Total Traceable Variables  : 10
 Total Scalar Nets and Variables : 480
Total Line Count : 10

 Total Simulation Time: 0.09 sec

 Current Memory Usage: 140.665 Meg

Thu Apr 28 23:23:45 2016

