Command line:
   registerFile_tb_isim_beh.exe
     -simmode  gui
     -simrunnum  0
     -socket  45749

Wed Apr 13 15:53:43 2016


 Elaboration Time: 0.11 sec

 Current Memory Usage: 131.682 Meg

 Total Signals          : 19
 Total Nets             : 1397
 Total Signal Drivers   : 9
 Total Blocks           : 5
 Total Primitive Blocks : 4
 Total Processes        : 5
 Total Traceable Variables  : 11
 Total Scalar Nets and Variables : 1776
Total Line Count : 28

 Total Simulation Time: 0.12 sec

 Current Memory Usage: 141.124 Meg

Wed Apr 13 15:54:53 2016

