Release 14.7 - xst P.20131013 (lin)
Copyright (c) 1995-2013 Xilinx, Inc.  All rights reserved.
--> 
Parameter TMPDIR set to xst/projnav.tmp


Total REAL time to Xst completion: 1.00 secs
Total CPU time to Xst completion: 0.23 secs
 
--> 
Parameter xsthdpdir set to xst


Total REAL time to Xst completion: 1.00 secs
Total CPU time to Xst completion: 0.23 secs
 
--> 
Reading design: CU.prj

TABLE OF CONTENTS
  1) Synthesis Options Summary
  2) HDL Compilation
  3) Design Hierarchy Analysis
  4) HDL Analysis
  5) HDL Synthesis
     5.1) HDL Synthesis Report
  6) Advanced HDL Synthesis
     6.1) Advanced HDL Synthesis Report
  7) Low Level Synthesis
  8) Partition Report
  9) Final Report
	9.1) Device utilization summary
	9.2) Partition Resource Summary
	9.3) TIMING REPORT


=========================================================================
*                      Synthesis Options Summary                        *
=========================================================================
---- Source Parameters
Input File Name                    : "CU.prj"
Input Format                       : mixed
Ignore Synthesis Constraint File   : NO

---- Target Parameters
Output File Name                   : "CU"
Output Format                      : NGC
Target Device                      : xc3s100e-4-cp132

---- Source Options
Top Module Name                    : CU
Automatic FSM Extraction           : YES
FSM Encoding Algorithm             : Auto
Safe Implementation                : No
FSM Style                          : LUT
RAM Extraction                     : Yes
RAM Style                          : Auto
ROM Extraction                     : Yes
Mux Style                          : Auto
Decoder Extraction                 : YES
Priority Encoder Extraction        : Yes
Shift Register Extraction          : YES
Logical Shifter Extraction         : YES
XOR Collapsing                     : YES
ROM Style                          : Auto
Mux Extraction                     : Yes
Resource Sharing                   : YES
Asynchronous To Synchronous        : NO
Multiplier Style                   : Auto
Automatic Register Balancing       : No

---- Target Options
Add IO Buffers                     : YES
Global Maximum Fanout              : 100000
Add Generic Clock Buffer(BUFG)     : 24
Register Duplication               : YES
Slice Packing                      : YES
Optimize Instantiated Primitives   : NO
Use Clock Enable                   : Yes
Use Synchronous Set                : Yes
Use Synchronous Reset              : Yes
Pack IO Registers into IOBs        : Auto
Equivalent register Removal        : YES

---- General Options
Optimization Goal                  : Speed
Optimization Effort                : 1
Keep Hierarchy                     : No
Netlist Hierarchy                  : As_Optimized
RTL Output                         : Yes
Global Optimization                : AllClockNets
Read Cores                         : YES
Write Timing Constraints           : NO
Cross Clock Analysis               : NO
Hierarchy Separator                : /
Bus Delimiter                      : <>
Case Specifier                     : Maintain
Slice Utilization Ratio            : 100
BRAM Utilization Ratio             : 100
Verilog 2001                       : YES
Auto BRAM Packing                  : NO
Slice Utilization Ratio Delta      : 5

=========================================================================


=========================================================================
*                          HDL Compilation                              *
=========================================================================
WARNING:HDLParsers:3607 - Unit work/CU is now defined in a different file.  It was defined in "/home/hinata/iseproyecs/procesador-monociclo2016/CU.vhd", and is now defined in "/home/alucard/ise proyects/procesador-monociclo2016/CU.vhd".
WARNING:HDLParsers:3607 - Unit work/CU/Behavioral is now defined in a different file.  It was defined in "/home/hinata/iseproyecs/procesador-monociclo2016/CU.vhd", and is now defined in "/home/alucard/ise proyects/procesador-monociclo2016/CU.vhd".
Compiling vhdl file "/home/alucard/ise proyects/procesador-monociclo2016/CU.vhd" in Library work.
Architecture behavioral of Entity cu is up to date.

=========================================================================
*                     Design Hierarchy Analysis                         *
=========================================================================
Analyzing hierarchy for entity <CU> in library <work> (architecture <behavioral>).


=========================================================================
*                            HDL Analysis                               *
=========================================================================
Analyzing Entity <CU> in library <work> (Architecture <behavioral>).
Entity <CU> analyzed. Unit <CU> generated.


=========================================================================
*                           HDL Synthesis                               *
=========================================================================

Performing bidirectional port resolution...

Synthesizing Unit <CU>.
    Related source file is "/home/alucard/ise proyects/procesador-monociclo2016/CU.vhd".
WARNING:Xst:737 - Found 6-bit latch for signal <AluOp>. Latches may be generated from incomplete case or if statements. We do not recommend the use of latches in FPGA/CPLD designs, as they may lead to timing problems.
Unit <CU> synthesized.


=========================================================================
HDL Synthesis Report

Macro Statistics
# Latches                                              : 1
 6-bit latch                                           : 1

=========================================================================

=========================================================================
*                       Advanced HDL Synthesis                          *
=========================================================================


=========================================================================
Advanced HDL Synthesis Report

Macro Statistics
# Latches                                              : 1
 6-bit latch                                           : 1

=========================================================================

=========================================================================
*                         Low Level Synthesis                           *
=========================================================================
WARNING:Xst:1710 - FF/Latch <AluOp_1> (without init value) has a constant value of 0 in block <CU>. This FF/Latch will be trimmed during the optimization process.
WARNING:Xst:1710 - FF/Latch <AluOp_2> (without init value) has a constant value of 0 in block <CU>. This FF/Latch will be trimmed during the optimization process.
WARNING:Xst:1710 - FF/Latch <AluOp_3> (without init value) has a constant value of 0 in block <CU>. This FF/Latch will be trimmed during the optimization process.
WARNING:Xst:1710 - FF/Latch <AluOp_4> (without init value) has a constant value of 0 in block <CU>. This FF/Latch will be trimmed during the optimization process.
WARNING:Xst:1710 - FF/Latch <AluOp_5> (without init value) has a constant value of 0 in block <CU>. This FF/Latch will be trimmed during the optimization process.

Optimizing unit <CU> ...

Mapping all equations...
Building and optimizing final netlist ...
Found area constraint ratio of 100 (+ 5) on block CU, actual ratio is 0.

Final Macro Processing ...

=========================================================================
Final Register Report

Found no macro
=========================================================================

=========================================================================
*                           Partition Report                            *
=========================================================================

Partition Implementation Status
-------------------------------

  No Partitions were found in this design.

-------------------------------

=========================================================================
*                            Final Report                               *
=========================================================================
Final Results
RTL Top Level Output File Name     : CU.ngr
Top Level Output File Name         : CU
Output Format                      : NGC
Optimization Goal                  : Speed
Keep Hierarchy                     : No

Design Statistics
# IOs                              : 14

Cell Usage :
# BELS                             : 4
#      GND                         : 1
#      LUT2                        : 1
#      LUT4                        : 2
# FlipFlops/Latches                : 1
#      LD                          : 1
# IO Buffers                       : 14
#      IBUF                        : 8
#      OBUF                        : 6
=========================================================================

Device utilization summary:
---------------------------

Selected Device : 3s100ecp132-4 

 Number of Slices:                        2  out of    960     0%  
 Number of Slice Flip Flops:              1  out of   1920     0%  
 Number of 4 input LUTs:                  3  out of   1920     0%  
 Number of IOs:                          14
 Number of bonded IOBs:                  14  out of     83    16%  

---------------------------
Partition Resource Summary:
---------------------------

  No Partitions were found in this design.

---------------------------


=========================================================================
TIMING REPORT

NOTE: THESE TIMING NUMBERS ARE ONLY A SYNTHESIS ESTIMATE.
      FOR ACCURATE TIMING INFORMATION PLEASE REFER TO THE TRACE REPORT
      GENERATED AFTER PLACE-and-ROUTE.

Clock Information:
------------------
-------------------------------------+------------------------+-------+
Clock Signal                         | Clock buffer(FF name)  | Load  |
-------------------------------------+------------------------+-------+
AluOp_cmp_eq0000(AluOp_cmp_eq00001:O)| NONE(*)(AluOp_0)       | 1     |
-------------------------------------+------------------------+-------+
(*) This 1 clock signal(s) are generated by combinatorial logic,
and XST is not able to identify which are the primary clock signals.
Please use the CLOCK_SIGNAL constraint to specify the clock signal(s) generated by combinatorial logic.
INFO:Xst:2169 - HDL ADVISOR - Some clock signals were not automatically buffered by XST with BUFG/BUFR resources. Please use the buffer_type constraint in order to insert these buffers to the clock signals to help prevent skew problems.

Asynchronous Control Signals Information:
----------------------------------------
No asynchronous control signals found in this design

Timing Summary:
---------------
Speed Grade: -4

   Minimum period: 2.139ns (Maximum Frequency: 467.508MHz)
   Minimum input arrival time before clock: 4.028ns
   Maximum output required time after clock: 4.395ns
   Maximum combinational path delay: No path found

Timing Detail:
--------------
All values displayed in nanoseconds (ns)

=========================================================================
Timing constraint: Default period analysis for Clock 'AluOp_cmp_eq0000'
  Clock period: 2.139ns (frequency: 467.508MHz)
  Total number of paths / destination ports: 1 / 1
-------------------------------------------------------------------------
Delay:               2.139ns (Levels of Logic = 1)
  Source:            AluOp_0 (LATCH)
  Destination:       AluOp_0 (LATCH)
  Source Clock:      AluOp_cmp_eq0000 falling
  Destination Clock: AluOp_cmp_eq0000 falling

  Data Path: AluOp_0 to AluOp_0
                                Gate     Net
    Cell:in->out      fanout   Delay   Delay  Logical Name (Net Name)
    ----------------------------------------  ------------
     LD:G->Q               2   0.676   0.451  AluOp_0 (AluOp_0)
     LUT4:I3->O            1   0.704   0.000  AluOp_mux0002<5>1 (AluOp_mux0002<5>)
     LD:D                      0.308          AluOp_0
    ----------------------------------------
    Total                      2.139ns (1.688ns logic, 0.451ns route)
                                       (78.9% logic, 21.1% route)

=========================================================================
Timing constraint: Default OFFSET IN BEFORE for Clock 'AluOp_cmp_eq0000'
  Total number of paths / destination ports: 6 / 1
-------------------------------------------------------------------------
Offset:              4.028ns (Levels of Logic = 3)
  Source:            Op3<5> (PAD)
  Destination:       AluOp_0 (LATCH)
  Destination Clock: AluOp_cmp_eq0000 falling

  Data Path: Op3<5> to AluOp_0
                                Gate     Net
    Cell:in->out      fanout   Delay   Delay  Logical Name (Net Name)
    ----------------------------------------  ------------
     IBUF:I->O             1   1.218   0.595  Op3_5_IBUF (Op3_5_IBUF)
     LUT4:I0->O            1   0.704   0.499  AluOp_and00001 (AluOp_and0000)
     LUT4:I1->O            1   0.704   0.000  AluOp_mux0002<5>1 (AluOp_mux0002<5>)
     LD:D                      0.308          AluOp_0
    ----------------------------------------
    Total                      4.028ns (2.934ns logic, 1.094ns route)
                                       (72.8% logic, 27.2% route)

=========================================================================
Timing constraint: Default OFFSET OUT AFTER for Clock 'AluOp_cmp_eq0000'
  Total number of paths / destination ports: 1 / 1
-------------------------------------------------------------------------
Offset:              4.395ns (Levels of Logic = 1)
  Source:            AluOp_0 (LATCH)
  Destination:       AluOp<0> (PAD)
  Source Clock:      AluOp_cmp_eq0000 falling

  Data Path: AluOp_0 to AluOp<0>
                                Gate     Net
    Cell:in->out      fanout   Delay   Delay  Logical Name (Net Name)
    ----------------------------------------  ------------
     LD:G->Q               2   0.676   0.447  AluOp_0 (AluOp_0)
     OBUF:I->O                 3.272          AluOp_0_OBUF (AluOp<0>)
    ----------------------------------------
    Total                      4.395ns (3.948ns logic, 0.447ns route)
                                       (89.8% logic, 10.2% route)

=========================================================================


Total REAL time to Xst completion: 25.00 secs
Total CPU time to Xst completion: 23.45 secs
 
--> 


Total memory usage is 168004 kilobytes

Number of errors   :    0 (   0 filtered)
Number of warnings :    8 (   0 filtered)
Number of infos    :    1 (   0 filtered)

