Running: /opt/Xilinx/14.7/ISE_DS/ISE/bin/lin/unwrapped/fuse -intstyle ise -incremental -o /home/alucard/ise proyects/procesador-monociclo2016/Sumador_TB_isim_beh.exe -prj /home/alucard/ise proyects/procesador-monociclo2016/Sumador_TB_beh.prj Sumador_TB 
ISim P.20131013 (signature 0xfbc00daa)
Number of CPUs detected in this system: 4
Turning on mult-threading, number of parallel sub-compilation jobs: 8 
Determining compilation order of HDL files
Parsing VHDL file "/home/alucard/ise proyects/procesador-monociclo2016/sumador.vhd" into library work
Parsing VHDL file "/home/alucard/ise proyects/procesador-monociclo2016/sumadorTB.vhd" into library work
Starting static elaboration
Completed static elaboration
Fuse Memory Usage: 37664 KB
Fuse CPU Usage: 3250 ms
Compiling package standard
Compiling package std_logic_1164
Compiling package std_logic_arith
Compiling package std_logic_unsigned
Compiling architecture behavioral of entity Sumador [sumador_default]
Compiling architecture behavior of entity sumador_tb
Time Resolution for simulation is 1ps.
Waiting for 1 sub-compilation(s) to finish...
Compiled 7 VHDL Units
Built simulation executable /home/alucard/ise proyects/procesador-monociclo2016/Sumador_TB_isim_beh.exe
Fuse Memory Usage: 90688 KB
Fuse CPU Usage: 3620 ms
GCC CPU Usage: 980 ms
