Command line:
   ProgramCounter_TB_isim_beh.exe
     -simmode  gui
     -simrunnum  1
     -socket  52373

Tue Apr 19 19:39:59 2016


 Elaboration Time: 0.08 sec

 Current Memory Usage: 131.334 Meg

 Total Signals          : 8
 Total Nets             : 66
 Total Signal Drivers   : 4
 Total Blocks           : 3
 Total Primitive Blocks : 2
 Total Processes        : 3
 Total Traceable Variables  : 9
 Total Scalar Nets and Variables : 427
Total Line Count : 13

 Total Simulation Time: 0.09 sec

 Current Memory Usage: 140.775 Meg

Tue Apr 19 20:02:33 2016

